<?xml version="1.0" encoding="utf-8"?><testsuites name="pytest tests"><testsuite name="pytest" errors="0" failures="0" skipped="0" tests="5" time="0.932" timestamp="2026-04-03T15:54:26.033334-03:00" hostname="DESKTOP-LFLC3KT"><testcase classname="tests.test_main" name="test_start_handler" time="0.013" /><testcase classname="tests.test_main" name="test_handle_photo_with_qr_code" time="0.010" /><testcase classname="tests.test_main" name="test_handle_photo_multiple_qr_codes" time="0.011" /><testcase classname="tests.test_main" name="test_handle_photo_no_qr_code" time="0.009" /><testcase classname="tests.test_main" name="test_handle_photo_uses_highest_resolution" time="0.010" /></testsuite></testsuites>